<?xml version="1.0" encoding="UTF-8"?>
<!-- Generated by org.testng.reporters.JUnitXMLReporter -->
<testsuite hostname="NSWSYDNLP192" failures="1" tests="1" name="Command line test" time="26.019" errors="0" timestamp="20 Aug 2020 03:51:41 GMT">
  <testcase classname="com.projectname.tests.TestClassName" name="selectComprehensiveCleaningServicePlan" time="10.174">
    <failure type="java.lang.AssertionError" message="Unable to click on login button">
      <![CDATA[java.lang.AssertionError: Unable to click on login button
	at com.projectname.pages.PageName.clickOnLoginButton(PageName.java:37)
	at com.projectname.tests.TestClassName.selectComprehensiveCleaningServicePlan(TestClassName.java:18)
... Removed 34 stack frames]]>
    </failure>
  </testcase> <!-- selectComprehensiveCleaningServicePlan -->
</testsuite> <!-- Command line test -->
