<?xml version="1.0" encoding="UTF-8"?>
<testng-results skipped="0" failed="0" ignored="0" total="1" passed="1">
  <reporter-output>
  </reporter-output>
  <suite name="Suite" duration-ms="41155" started-at="2020-09-08T12:16:04 AEST" finished-at="2020-09-08T12:16:45 AEST">
    <groups>
    </groups>
    <test name="Test" duration-ms="41155" started-at="2020-09-08T12:16:04 AEST" finished-at="2020-09-08T12:16:45 AEST">
      <class name="com.projectname.tests.Test_001">
        <test-method status="PASS" signature="beforeSuite()[pri:0, instance:com.projectname.tests.Test_001@15d0c81b]" name="beforeSuite" is-config="true" duration-ms="98" started-at="2020-09-08T12:16:04 AEST" finished-at="2020-09-08T12:16:04 AEST">
          <reporter-output>
          </reporter-output>
        </test-method> <!-- beforeSuite -->
        <test-method status="PASS" signature="beforeEveryTestStarts()[pri:0, instance:com.projectname.tests.Test_001@15d0c81b]" name="beforeEveryTestStarts" is-config="true" duration-ms="5964" started-at="2020-09-08T12:16:04 AEST" finished-at="2020-09-08T12:16:10 AEST">
          <reporter-output>
          </reporter-output>
        </test-method> <!-- beforeEveryTestStarts -->
        <test-method status="PASS" signature="tcase1()[pri:0, instance:com.projectname.tests.Test_001@15d0c81b]" name="tcase1" duration-ms="34287" started-at="2020-09-08T12:16:10 AEST" finished-at="2020-09-08T12:16:44 AEST">
          <reporter-output>
          </reporter-output>
        </test-method> <!-- tcase1 -->
        <test-method status="PASS" signature="afterEveryTestEnds(org.testng.ITestResult, java.lang.reflect.Method)[pri:0, instance:com.projectname.tests.Test_001@15d0c81b]" name="afterEveryTestEnds" is-config="true" duration-ms="880" started-at="2020-09-08T12:16:44 AEST" finished-at="2020-09-08T12:16:45 AEST">
          <params>
            <param index="0">
              <value>
                <![CDATA[[TestResult name=tcase1 status=SUCCESS method=Test_001.tcase1()[pri:0, instance:com.projectname.tests.Test_001@15d0c81b] output={null}]]]>
              </value>
            </param>
            <param index="1">
              <value>
                <![CDATA[public void com.projectname.tests.Test_001.tcase1() throws java.lang.Exception]]>
              </value>
            </param>
          </params>
          <reporter-output>
          </reporter-output>
        </test-method> <!-- afterEveryTestEnds -->
      </class> <!-- com.projectname.tests.Test_001 -->
    </test> <!-- Test -->
  </suite> <!-- Suite -->
</testng-results>
