<?xml version="1.0" encoding="UTF-8" ?>
<testsuite tests="1" failures="1" name="com.projectname.tests.TestClassName" time="10.185" errors="0" skipped="0">
  <properties>
[...]
</properties>
  <testcase classname="com.projectname.tests.TestClassName" name="selectComprehensiveCleaningServicePlan" time="10.185">
    <failure message="Unable to click on login button" type="java.lang.AssertionError">java.lang.AssertionError: Unable to click on login button
	at org.testng.Assert.fail(Assert.java:94)
	at com.projectname.pages.PageName.clickOnLoginButton(PageName.java:37)
	at com.projectname.tests.TestClassName.selectComprehensiveCleaningServicePlan(TestClassName.java:18)
</failure>
    <system-out>Configuring TestNG with: org.apache.maven.surefire.testng.conf.TestNG652Configurator@6acdbdf5
</system-out>
    <system-err>SLF4J: Failed to load class &quot;org.slf4j.impl.StaticLoggerBinder&quot;.
SLF4J: Defaulting to no-operation (NOP) logger implementation
SLF4J: See http://www.slf4j.org/codes.html#StaticLoggerBinder for further details.
Starting ChromeDriver 78.0.3904.105 (60e2d8774a8151efa6a00b1f358371b1e0e07ee2-refs/branch-heads/3904@{#877}) on port 46940
Only local connections are allowed.
Please protect ports used by ChromeDriver and related test frameworks to prevent access by malicious code.
[1597895480.764][WARNING]: Timed out connecting to Chrome, retrying...
Aug. 20, 2020 1:51:22 PM org.openqa.selenium.remote.ProtocolHandshake createSession
INFO: Detected dialect: W3C
[1597895485.031][WARNING]: Timed out connecting to Chrome, retrying...
</system-err>
  </testcase>
</testsuite>