<?xml version="1.0" encoding="UTF-8"?>
<!-- Generated by org.testng.reporters.JUnitXMLReporter -->
<testsuite hostname="NSWSYDNLP192" failures="1" tests="1" name="Test" time="27.004" errors="0" timestamp="20 Aug 2020 06:17:32 GMT">
  <testcase classname="com.projectname.tests.TestClassName" name="selectComprehensiveCleaningServicePlan" time="10.214">
    <failure type="java.lang.AssertionError" message="Unable to click on login button">
      <![CDATA[java.lang.AssertionError: Unable to click on login button
	at com.projectname.pages.PageName.clickOnLoginButton(PageName.java:37)
	at com.projectname.tests.TestClassName.selectComprehensiveCleaningServicePlan(TestClassName.java:18)
... Removed 25 stack frames]]>
    </failure>
  </testcase> <!-- selectComprehensiveCleaningServicePlan -->
</testsuite> <!-- Test -->
